<?xml version="1.0" encoding="UTF-8"?>
<testsuite xmlns:xsi="http://www.w3.org/2001/XMLSchema-instance" xsi:noNamespaceSchemaLocation="https://maven.apache.org/surefire/maven-surefire-plugin/xsd/surefire-test-report-3.0.xsd" version="3.0" name="it.unibo.distributedbooking.coordinator.service.BookingCoordinatorServiceTest" time="0.395" tests="7" errors="0" skipped="0" failures="0">
  <properties>
[...]
</properties>
  <testcase name="shouldRouteCancellationToHealthyHotel" classname="it.unibo.distributedbooking.coordinator.service.BookingCoordinatorServiceTest" time="0.282">
    <system-out><![CDATA[Routing cancellation to hotel-1 at http://localhost:8081
]]></system-out>
  </testcase>
  <testcase name="shouldFailCancellationWhenBookingNotFound" classname="it.unibo.distributedbooking.coordinator.service.BookingCoordinatorServiceTest" time="0.011"/>
  <testcase name="shouldRouteBookingToHealthyHotel" classname="it.unibo.distributedbooking.coordinator.service.BookingCoordinatorServiceTest" time="0.018">
    <system-out><![CDATA[Routing booking to hotel-1 at http://localhost:8081
]]></system-out>
  </testcase>
  <testcase name="shouldRouteModificationToHealthyHotel" classname="it.unibo.distributedbooking.coordinator.service.BookingCoordinatorServiceTest" time="0.012">
    <system-out><![CDATA[Routing modification to hotel-1 at http://localhost:8081
]]></system-out>
  </testcase>
  <testcase name="shouldFailModificationWhenBookingNotFound" classname="it.unibo.distributedbooking.coordinator.service.BookingCoordinatorServiceTest" time="0.006"/>
  <testcase name="shouldFailWhenHotelNotFound" classname="it.unibo.distributedbooking.coordinator.service.BookingCoordinatorServiceTest" time="0.018"/>
  <testcase name="shouldFailWhenHotelNotHealthy" classname="it.unibo.distributedbooking.coordinator.service.BookingCoordinatorServiceTest" time="0.017"/>
</testsuite>